<table border="1" class="dataframe">
  <thead>
    <tr style="text-align: right;">
      <th>student</th>
      <th>file</th>
      <th>question</th>
      <th>assertion</th>
      <th>status</th>
      <th>score</th>
      <th>error</th>
      <th>max_score</th>
      <th>percentage</th>
    </tr>
  </thead>
  <tbody>
    <tr>
      <td>student_assignment_partial_incorrect</td>
      <td>/Volumes/MacSSD/Areas/Github_Repositories/evaluator/data/submissions/python/student_assignment_partial_incorrect.ipynb</td>
      <td>question_one</td>
      <td>assert question_one([1,2,2,3]) == 6</td>
      <td>failed</td>
      <td>0</td>
      <td>Traceback (most recent call last):\n  File "/Volumes/MacSSD/Areas/Github_Repositories/evaluator/src/evaluator/comparison/comparison_service.py", line 20, in run_assertions\n    exec(code, student_namespace)\n    ~~~~^^^^^^^^^^^^^^^^^^^^^^^^^\n  File "&lt;string&gt;", line 1, in &lt;module&gt;\nAssertionError\n</td>
      <td>1</td>
      <td>0.0</td>
    </tr>
    <tr>
      <td>student_assignment_partial_incorrect</td>
      <td>/Volumes/MacSSD/Areas/Github_Repositories/evaluator/data/submissions/python/student_assignment_partial_incorrect.ipynb</td>
      <td>question_one</td>
      <td>assert question_one([]) == 0</td>
      <td>passed</td>
      <td>1</td>
      <td>None</td>
      <td>1</td>
      <td>100.0</td>
    </tr>
    <tr>
      <td>student_assignment_partial_incorrect</td>
      <td>/Volumes/MacSSD/Areas/Github_Repositories/evaluator/data/submissions/python/student_assignment_partial_incorrect.ipynb</td>
      <td>question_two</td>
      <td>assert question_two([1,2,3]) == [3,2,1]</td>
      <td>failed</td>
      <td>0</td>
      <td>Traceback (most recent call last):\n  File "/Volumes/MacSSD/Areas/Github_Repositories/evaluator/src/evaluator/comparison/comparison_service.py", line 20, in run_assertions\n    exec(code, student_namespace)\n    ~~~~^^^^^^^^^^^^^^^^^^^^^^^^^\n  File "&lt;string&gt;", line 1, in &lt;module&gt;\nAssertionError\n</td>
      <td>1</td>
      <td>0.0</td>
    </tr>
    <tr>
      <td>student_assignment_partial_incorrect</td>
      <td>/Volumes/MacSSD/Areas/Github_Repositories/evaluator/data/submissions/python/student_assignment_partial_incorrect.ipynb</td>
      <td>question_two</td>
      <td>assert question_two([]) == []</td>
      <td>passed</td>
      <td>1</td>
      <td>None</td>
      <td>1</td>
      <td>100.0</td>
    </tr>
    <tr>
      <td>student_assignment_partial_incorrect</td>
      <td>/Volumes/MacSSD/Areas/Github_Repositories/evaluator/data/submissions/python/student_assignment_partial_incorrect.ipynb</td>
      <td>question_three</td>
      <td>assert question_three([1,2,2,3]) == {1:1,2:2,3:1}</td>
      <td>failed</td>
      <td>0</td>
      <td>Traceback (most recent call last):\n  File "/Volumes/MacSSD/Areas/Github_Repositories/evaluator/src/evaluator/comparison/comparison_service.py", line 20, in run_assertions\n    exec(code, student_namespace)\n    ~~~~^^^^^^^^^^^^^^^^^^^^^^^^^\n  File "&lt;string&gt;", line 1, in &lt;module&gt;\nAssertionError\n</td>
      <td>1</td>
      <td>0.0</td>
    </tr>
    <tr>
      <td>student_assignment_partial_incorrect</td>
      <td>/Volumes/MacSSD/Areas/Github_Repositories/evaluator/data/submissions/python/student_assignment_partial_incorrect.ipynb</td>
      <td>question_three</td>
      <td>assert question_three([]) == {}</td>
      <td>passed</td>
      <td>1</td>
      <td>None</td>
      <td>1</td>
      <td>100.0</td>
    </tr>
    <tr>
      <td>student_assignment_partial_incorrect</td>
      <td>/Volumes/MacSSD/Areas/Github_Repositories/evaluator/data/submissions/python/student_assignment_partial_incorrect.ipynb</td>
      <td>question_four</td>
      <td>assert question_four([[1,2],[3,4]]) == [1,2,3,4]</td>
      <td>failed</td>
      <td>0</td>
      <td>Traceback (most recent call last):\n  File "/Volumes/MacSSD/Areas/Github_Repositories/evaluator/src/evaluator/comparison/comparison_service.py", line 20, in run_assertions\n    exec(code, student_namespace)\n    ~~~~^^^^^^^^^^^^^^^^^^^^^^^^^\n  File "&lt;string&gt;", line 1, in &lt;module&gt;\nAssertionError\n</td>
      <td>1</td>
      <td>0.0</td>
    </tr>
    <tr>
      <td>student_assignment_partial_incorrect</td>
      <td>/Volumes/MacSSD/Areas/Github_Repositories/evaluator/data/submissions/python/student_assignment_partial_incorrect.ipynb</td>
      <td>question_four</td>
      <td>assert question_four([]) == []</td>
      <td>passed</td>
      <td>1</td>
      <td>None</td>
      <td>1</td>
      <td>100.0</td>
    </tr>
    <tr>
      <td>student_assignment_partial_incorrect</td>
      <td>/Volumes/MacSSD/Areas/Github_Repositories/evaluator/data/submissions/python/student_assignment_partial_incorrect.ipynb</td>
      <td>question_five</td>
      <td>assert question_five({'a':1,'b':2,'c':1}) == {1:['a','c'],2:['b']}</td>
      <td>failed</td>
      <td>0</td>
      <td>Traceback (most recent call last):\n  File "/Volumes/MacSSD/Areas/Github_Repositories/evaluator/src/evaluator/comparison/comparison_service.py", line 20, in run_assertions\n    exec(code, student_namespace)\n    ~~~~^^^^^^^^^^^^^^^^^^^^^^^^^\n  File "&lt;string&gt;", line 1, in &lt;module&gt;\nAssertionError\n</td>
      <td>1</td>
      <td>0.0</td>
    </tr>
    <tr>
      <td>student_assignment_partial_incorrect</td>
      <td>/Volumes/MacSSD/Areas/Github_Repositories/evaluator/data/submissions/python/student_assignment_partial_incorrect.ipynb</td>
      <td>question_six</td>
      <td>assert question_six({'x':1,'y':2},{'y':3,'z':4}) == {'x':1,'y':5,'z':4}</td>
      <td>failed</td>
      <td>0</td>
      <td>Traceback (most recent call last):\n  File "/Volumes/MacSSD/Areas/Github_Repositories/evaluator/src/evaluator/comparison/comparison_service.py", line 20, in run_assertions\n    exec(code, student_namespace)\n    ~~~~^^^^^^^^^^^^^^^^^^^^^^^^^\n  File "&lt;string&gt;", line 1, in &lt;module&gt;\nNameError: name 'question_six' is not defined. Did you mean: 'question_one'?\n</td>
      <td>1</td>
      <td>0.0</td>
    </tr>
    <tr>
      <td>student_assignment_partial_incorrect</td>
      <td>/Volumes/MacSSD/Areas/Github_Repositories/evaluator/data/submissions/python/student_assignment_partial_incorrect.ipynb</td>
      <td>question_eight</td>
      <td>assert question_eight("hello world") == ["hello","world"]</td>
      <td>failed</td>
      <td>0</td>
      <td>Traceback (most recent call last):\n  File "/Volumes/MacSSD/Areas/Github_Repositories/evaluator/src/evaluator/comparison/comparison_service.py", line 20, in run_assertions\n    exec(code, student_namespace)\n    ~~~~^^^^^^^^^^^^^^^^^^^^^^^^^\n  File "&lt;string&gt;", line 1, in &lt;module&gt;\nNameError: name 'question_eight' is not defined. Did you mean: 'question_five'?\n</td>
      <td>1</td>
      <td>0.0</td>
    </tr>
    <tr>
      <td>student_assignment_partial_incorrect</td>
      <td>/Volumes/MacSSD/Areas/Github_Repositories/evaluator/data/submissions/python/student_assignment_partial_incorrect.ipynb</td>
      <td>question_eight</td>
      <td>assert question_eight("") == []</td>
      <td>failed</td>
      <td>0</td>
      <td>Traceback (most recent call last):\n  File "/Volumes/MacSSD/Areas/Github_Repositories/evaluator/src/evaluator/comparison/comparison_service.py", line 20, in run_assertions\n    exec(code, student_namespace)\n    ~~~~^^^^^^^^^^^^^^^^^^^^^^^^^\n  File "&lt;string&gt;", line 1, in &lt;module&gt;\nNameError: name 'question_eight' is not defined. Did you mean: 'question_five'?\n</td>
      <td>1</td>
      <td>0.0</td>
    </tr>
    <tr>
      <td>student_assignment_partial_incorrect</td>
      <td>/Volumes/MacSSD/Areas/Github_Repositories/evaluator/data/submissions/python/student_assignment_partial_incorrect.ipynb</td>
      <td>question_ten</td>
      <td>assert question_ten("I love python") == 6</td>
      <td>failed</td>
      <td>0</td>
      <td>Traceback (most recent call last):\n  File "/Volumes/MacSSD/Areas/Github_Repositories/evaluator/src/evaluator/comparison/comparison_service.py", line 20, in run_assertions\n    exec(code, student_namespace)\n    ~~~~^^^^^^^^^^^^^^^^^^^^^^^^^\n  File "&lt;string&gt;", line 1, in &lt;module&gt;\nNameError: name 'question_ten' is not defined. Did you mean: 'question_two'?\n</td>
      <td>1</td>
      <td>0.0</td>
    </tr>
    <tr>
      <td>student_assignment_partial_incorrect</td>
      <td>/Volumes/MacSSD/Areas/Github_Repositories/evaluator/data/submissions/python/student_assignment_partial_incorrect.ipynb</td>
      <td>question_ten</td>
      <td>assert question_ten("") == 0</td>
      <td>failed</td>
      <td>0</td>
      <td>Traceback (most recent call last):\n  File "/Volumes/MacSSD/Areas/Github_Repositories/evaluator/src/evaluator/comparison/comparison_service.py", line 20, in run_assertions\n    exec(code, student_namespace)\n    ~~~~^^^^^^^^^^^^^^^^^^^^^^^^^\n  File "&lt;string&gt;", line 1, in &lt;module&gt;\nNameError: name 'question_ten' is not defined. Did you mean: 'question_two'?\n</td>
      <td>1</td>
      <td>0.0</td>
    </tr>
    <tr>
      <td>student_assignment_partial_incorrect</td>
      <td>/Volumes/MacSSD/Areas/Github_Repositories/evaluator/data/submissions/python/student_assignment_partial_incorrect.ipynb</td>
      <td>question_eleven</td>
      <td>assert question_eleven([1,2,3],[2,3,4]) == {2,3}</td>
      <td>failed</td>
      <td>0</td>
      <td>Traceback (most recent call last):\n  File "/Volumes/MacSSD/Areas/Github_Repositories/evaluator/src/evaluator/comparison/comparison_service.py", line 20, in run_assertions\n    exec(code, student_namespace)\n    ~~~~^^^^^^^^^^^^^^^^^^^^^^^^^\n  File "&lt;string&gt;", line 1, in &lt;module&gt;\nNameError: name 'question_eleven' is not defined. Did you mean: 'question_five'?\n</td>
      <td>1</td>
      <td>0.0</td>
    </tr>
    <tr>
      <td>student_assignment_partial_incorrect</td>
      <td>/Volumes/MacSSD/Areas/Github_Repositories/evaluator/data/submissions/python/student_assignment_partial_incorrect.ipynb</td>
      <td>question_twelve</td>
      <td>assert question_twelve([1,2,2,3,1]) == [1,2,3]</td>
      <td>failed</td>
      <td>0</td>
      <td>Traceback (most recent call last):\n  File "/Volumes/MacSSD/Areas/Github_Repositories/evaluator/src/evaluator/comparison/comparison_service.py", line 20, in run_assertions\n    exec(code, student_namespace)\n    ~~~~^^^^^^^^^^^^^^^^^^^^^^^^^\n  File "&lt;string&gt;", line 1, in &lt;module&gt;\nNameError: name 'question_twelve' is not defined. Did you mean: 'question_two'?\n</td>
      <td>1</td>
      <td>0.0</td>
    </tr>
    <tr>
      <td>student_assignment_partial_incorrect</td>
      <td>/Volumes/MacSSD/Areas/Github_Repositories/evaluator/data/submissions/python/student_assignment_partial_incorrect.ipynb</td>
      <td>question_thirteen</td>
      <td>assert question_thirteen([1,2,3]) == [1,4,9]</td>
      <td>failed</td>
      <td>0</td>
      <td>Traceback (most recent call last):\n  File "/Volumes/MacSSD/Areas/Github_Repositories/evaluator/src/evaluator/comparison/comparison_service.py", line 20, in run_assertions\n    exec(code, student_namespace)\n    ~~~~^^^^^^^^^^^^^^^^^^^^^^^^^\n  File "&lt;string&gt;", line 1, in &lt;module&gt;\nNameError: name 'question_thirteen' is not defined. Did you mean: 'question_three'?\n</td>
      <td>1</td>
      <td>0.0</td>
    </tr>
    <tr>
      <td>student_assignment_partial_incorrect</td>
      <td>/Volumes/MacSSD/Areas/Github_Repositories/evaluator/data/submissions/python/student_assignment_partial_incorrect.ipynb</td>
      <td>question_fourteen</td>
      <td>assert question_fourteen([1,2,3,4]) == [2,4]</td>
      <td>failed</td>
      <td>0</td>
      <td>Traceback (most recent call last):\n  File "/Volumes/MacSSD/Areas/Github_Repositories/evaluator/src/evaluator/comparison/comparison_service.py", line 20, in run_assertions\n    exec(code, student_namespace)\n    ~~~~^^^^^^^^^^^^^^^^^^^^^^^^^\n  File "&lt;string&gt;", line 1, in &lt;module&gt;\nNameError: name 'question_fourteen' is not defined. Did you mean: 'question_four'?\n</td>
      <td>1</td>
      <td>0.0</td>
    </tr>
    <tr>
      <td>sample_solutions</td>
      <td>/Volumes/MacSSD/Areas/Github_Repositories/evaluator/data/submissions/python/sample_solutions.ipynb</td>
      <td>question_one</td>
      <td>assert question_one([1,2,2,3]) == 6</td>
      <td>passed</td>
      <td>1</td>
      <td>None</td>
      <td>1</td>
      <td>100.0</td>
    </tr>
    <tr>
      <td>sample_solutions</td>
      <td>/Volumes/MacSSD/Areas/Github_Repositories/evaluator/data/submissions/python/sample_solutions.ipynb</td>
      <td>question_one</td>
      <td>assert question_one([]) == 0</td>
      <td>passed</td>
      <td>1</td>
      <td>None</td>
      <td>1</td>
      <td>100.0</td>
    </tr>
    <tr>
      <td>sample_solutions</td>
      <td>/Volumes/MacSSD/Areas/Github_Repositories/evaluator/data/submissions/python/sample_solutions.ipynb</td>
      <td>question_two</td>
      <td>assert question_two([1,2,3]) == [3,2,1]</td>
      <td>passed</td>
      <td>1</td>
      <td>None</td>
      <td>1</td>
      <td>100.0</td>
    </tr>
    <tr>
      <td>sample_solutions</td>
      <td>/Volumes/MacSSD/Areas/Github_Repositories/evaluator/data/submissions/python/sample_solutions.ipynb</td>
      <td>question_two</td>
      <td>assert question_two([]) == []</td>
      <td>passed</td>
      <td>1</td>
      <td>None</td>
      <td>1</td>
      <td>100.0</td>
    </tr>
    <tr>
      <td>sample_solutions</td>
      <td>/Volumes/MacSSD/Areas/Github_Repositories/evaluator/data/submissions/python/sample_solutions.ipynb</td>
      <td>question_three</td>
      <td>assert question_three([1,2,2,3]) == {1:1,2:2,3:1}</td>
      <td>passed</td>
      <td>1</td>
      <td>None</td>
      <td>1</td>
      <td>100.0</td>
    </tr>
    <tr>
      <td>sample_solutions</td>
      <td>/Volumes/MacSSD/Areas/Github_Repositories/evaluator/data/submissions/python/sample_solutions.ipynb</td>
      <td>question_three</td>
      <td>assert question_three([]) == {}</td>
      <td>passed</td>
      <td>1</td>
      <td>None</td>
      <td>1</td>
      <td>100.0</td>
    </tr>
    <tr>
      <td>sample_solutions</td>
      <td>/Volumes/MacSSD/Areas/Github_Repositories/evaluator/data/submissions/python/sample_solutions.ipynb</td>
      <td>question_four</td>
      <td>assert question_four([[1,2],[3,4]]) == [1,2,3,4]</td>
      <td>passed</td>
      <td>1</td>
      <td>None</td>
      <td>1</td>
      <td>100.0</td>
    </tr>
    <tr>
      <td>sample_solutions</td>
      <td>/Volumes/MacSSD/Areas/Github_Repositories/evaluator/data/submissions/python/sample_solutions.ipynb</td>
      <td>question_four</td>
      <td>assert question_four([]) == []</td>
      <td>passed</td>
      <td>1</td>
      <td>None</td>
      <td>1</td>
      <td>100.0</td>
    </tr>
    <tr>
      <td>sample_solutions</td>
      <td>/Volumes/MacSSD/Areas/Github_Repositories/evaluator/data/submissions/python/sample_solutions.ipynb</td>
      <td>question_five</td>
      <td>assert question_five({'a':1,'b':2,'c':1}) == {1:['a','c'],2:['b']}</td>
      <td>passed</td>
      <td>1</td>
      <td>None</td>
      <td>1</td>
      <td>100.0</td>
    </tr>
    <tr>
      <td>sample_solutions</td>
      <td>/Volumes/MacSSD/Areas/Github_Repositories/evaluator/data/submissions/python/sample_solutions.ipynb</td>
      <td>question_six</td>
      <td>assert question_six({'x':1,'y':2},{'y':3,'z':4}) == {'x':1,'y':5,'z':4}</td>
      <td>passed</td>
      <td>1</td>
      <td>None</td>
      <td>1</td>
      <td>100.0</td>
    </tr>
    <tr>
      <td>sample_solutions</td>
      <td>/Volumes/MacSSD/Areas/Github_Repositories/evaluator/data/submissions/python/sample_solutions.ipynb</td>
      <td>question_eight</td>
      <td>assert question_eight("hello world") == ["hello","world"]</td>
      <td>passed</td>
      <td>1</td>
      <td>None</td>
      <td>1</td>
      <td>100.0</td>
    </tr>
    <tr>
      <td>sample_solutions</td>
      <td>/Volumes/MacSSD/Areas/Github_Repositories/evaluator/data/submissions/python/sample_solutions.ipynb</td>
      <td>question_eight</td>
      <td>assert question_eight("") == []</td>
      <td>passed</td>
      <td>1</td>
      <td>None</td>
      <td>1</td>
      <td>100.0</td>
    </tr>
    <tr>
      <td>sample_solutions</td>
      <td>/Volumes/MacSSD/Areas/Github_Repositories/evaluator/data/submissions/python/sample_solutions.ipynb</td>
      <td>question_ten</td>
      <td>assert question_ten("I love python") == 6</td>
      <td>passed</td>
      <td>1</td>
      <td>None</td>
      <td>1</td>
      <td>100.0</td>
    </tr>
    <tr>
      <td>sample_solutions</td>
      <td>/Volumes/MacSSD/Areas/Github_Repositories/evaluator/data/submissions/python/sample_solutions.ipynb</td>
      <td>question_ten</td>
      <td>assert question_ten("") == 0</td>
      <td>passed</td>
      <td>1</td>
      <td>None</td>
      <td>1</td>
      <td>100.0</td>
    </tr>
    <tr>
      <td>sample_solutions</td>
      <td>/Volumes/MacSSD/Areas/Github_Repositories/evaluator/data/submissions/python/sample_solutions.ipynb</td>
      <td>question_eleven</td>
      <td>assert question_eleven([1,2,3],[2,3,4]) == {2,3}</td>
      <td>passed</td>
      <td>1</td>
      <td>None</td>
      <td>1</td>
      <td>100.0</td>
    </tr>
    <tr>
      <td>sample_solutions</td>
      <td>/Volumes/MacSSD/Areas/Github_Repositories/evaluator/data/submissions/python/sample_solutions.ipynb</td>
      <td>question_twelve</td>
      <td>assert question_twelve([1,2,2,3,1]) == [1,2,3]</td>
      <td>passed</td>
      <td>1</td>
      <td>None</td>
      <td>1</td>
      <td>100.0</td>
    </tr>
    <tr>
      <td>sample_solutions</td>
      <td>/Volumes/MacSSD/Areas/Github_Repositories/evaluator/data/submissions/python/sample_solutions.ipynb</td>
      <td>question_thirteen</td>
      <td>assert question_thirteen([1,2,3]) == [1,4,9]</td>
      <td>passed</td>
      <td>1</td>
      <td>None</td>
      <td>1</td>
      <td>100.0</td>
    </tr>
    <tr>
      <td>sample_solutions</td>
      <td>/Volumes/MacSSD/Areas/Github_Repositories/evaluator/data/submissions/python/sample_solutions.ipynb</td>
      <td>question_fourteen</td>
      <td>assert question_fourteen([1,2,3,4]) == [2,4]</td>
      <td>passed</td>
      <td>1</td>
      <td>None</td>
      <td>1</td>
      <td>100.0</td>
    </tr>
    <tr>
      <td>student_answer_sheet</td>
      <td>/Volumes/MacSSD/Areas/Github_Repositories/evaluator/data/submissions/python/student_answer_sheet.ipynb</td>
      <td>question_one</td>
      <td>assert question_one([1,2,2,3]) == 6</td>
      <td>failed</td>
      <td>0</td>
      <td>Traceback (most recent call last):\n  File "/Volumes/MacSSD/Areas/Github_Repositories/evaluator/src/evaluator/comparison/comparison_service.py", line 20, in run_assertions\n    exec(code, student_namespace)\n    ~~~~^^^^^^^^^^^^^^^^^^^^^^^^^\n  File "&lt;string&gt;", line 1, in &lt;module&gt;\nAssertionError\n</td>
      <td>1</td>
      <td>0.0</td>
    </tr>
    <tr>
      <td>student_answer_sheet</td>
      <td>/Volumes/MacSSD/Areas/Github_Repositories/evaluator/data/submissions/python/student_answer_sheet.ipynb</td>
      <td>question_one</td>
      <td>assert question_one([]) == 0</td>
      <td>failed</td>
      <td>0</td>
      <td>Traceback (most recent call last):\n  File "/Volumes/MacSSD/Areas/Github_Repositories/evaluator/src/evaluator/comparison/comparison_service.py", line 20, in run_assertions\n    exec(code, student_namespace)\n    ~~~~^^^^^^^^^^^^^^^^^^^^^^^^^\n  File "&lt;string&gt;", line 1, in &lt;module&gt;\nAssertionError\n</td>
      <td>1</td>
      <td>0.0</td>
    </tr>
    <tr>
      <td>student_answer_sheet</td>
      <td>/Volumes/MacSSD/Areas/Github_Repositories/evaluator/data/submissions/python/student_answer_sheet.ipynb</td>
      <td>question_two</td>
      <td>assert question_two([1,2,3]) == [3,2,1]</td>
      <td>failed</td>
      <td>0</td>
      <td>Traceback (most recent call last):\n  File "/Volumes/MacSSD/Areas/Github_Repositories/evaluator/src/evaluator/comparison/comparison_service.py", line 20, in run_assertions\n    exec(code, student_namespace)\n    ~~~~^^^^^^^^^^^^^^^^^^^^^^^^^\n  File "&lt;string&gt;", line 1, in &lt;module&gt;\nAssertionError\n</td>
      <td>1</td>
      <td>0.0</td>
    </tr>
    <tr>
      <td>student_answer_sheet</td>
      <td>/Volumes/MacSSD/Areas/Github_Repositories/evaluator/data/submissions/python/student_answer_sheet.ipynb</td>
      <td>question_two</td>
      <td>assert question_two([]) == []</td>
      <td>failed</td>
      <td>0</td>
      <td>Traceback (most recent call last):\n  File "/Volumes/MacSSD/Areas/Github_Repositories/evaluator/src/evaluator/comparison/comparison_service.py", line 20, in run_assertions\n    exec(code, student_namespace)\n    ~~~~^^^^^^^^^^^^^^^^^^^^^^^^^\n  File "&lt;string&gt;", line 1, in &lt;module&gt;\nAssertionError\n</td>
      <td>1</td>
      <td>0.0</td>
    </tr>
    <tr>
      <td>student_answer_sheet</td>
      <td>/Volumes/MacSSD/Areas/Github_Repositories/evaluator/data/submissions/python/student_answer_sheet.ipynb</td>
      <td>question_three</td>
      <td>assert question_three([1,2,2,3]) == {1:1,2:2,3:1}</td>
      <td>failed</td>
      <td>0</td>
      <td>Traceback (most recent call last):\n  File "/Volumes/MacSSD/Areas/Github_Repositories/evaluator/src/evaluator/comparison/comparison_service.py", line 20, in run_assertions\n    exec(code, student_namespace)\n    ~~~~^^^^^^^^^^^^^^^^^^^^^^^^^\n  File "&lt;string&gt;", line 1, in &lt;module&gt;\nAssertionError\n</td>
      <td>1</td>
      <td>0.0</td>
    </tr>
    <tr>
      <td>student_answer_sheet</td>
      <td>/Volumes/MacSSD/Areas/Github_Repositories/evaluator/data/submissions/python/student_answer_sheet.ipynb</td>
      <td>question_three</td>
      <td>assert question_three([]) == {}</td>
      <td>failed</td>
      <td>0</td>
      <td>Traceback (most recent call last):\n  File "/Volumes/MacSSD/Areas/Github_Repositories/evaluator/src/evaluator/comparison/comparison_service.py", line 20, in run_assertions\n    exec(code, student_namespace)\n    ~~~~^^^^^^^^^^^^^^^^^^^^^^^^^\n  File "&lt;string&gt;", line 1, in &lt;module&gt;\nAssertionError\n</td>
      <td>1</td>
      <td>0.0</td>
    </tr>
    <tr>
      <td>student_answer_sheet</td>
      <td>/Volumes/MacSSD/Areas/Github_Repositories/evaluator/data/submissions/python/student_answer_sheet.ipynb</td>
      <td>question_four</td>
      <td>assert question_four([[1,2],[3,4]]) == [1,2,3,4]</td>
      <td>failed</td>
      <td>0</td>
      <td>Traceback (most recent call last):\n  File "/Volumes/MacSSD/Areas/Github_Repositories/evaluator/src/evaluator/comparison/comparison_service.py", line 20, in run_assertions\n    exec(code, student_namespace)\n    ~~~~^^^^^^^^^^^^^^^^^^^^^^^^^\n  File "&lt;string&gt;", line 1, in &lt;module&gt;\nAssertionError\n</td>
      <td>1</td>
      <td>0.0</td>
    </tr>
    <tr>
      <td>student_answer_sheet</td>
      <td>/Volumes/MacSSD/Areas/Github_Repositories/evaluator/data/submissions/python/student_answer_sheet.ipynb</td>
      <td>question_four</td>
      <td>assert question_four([]) == []</td>
      <td>failed</td>
      <td>0</td>
      <td>Traceback (most recent call last):\n  File "/Volumes/MacSSD/Areas/Github_Repositories/evaluator/src/evaluator/comparison/comparison_service.py", line 20, in run_assertions\n    exec(code, student_namespace)\n    ~~~~^^^^^^^^^^^^^^^^^^^^^^^^^\n  File "&lt;string&gt;", line 1, in &lt;module&gt;\nAssertionError\n</td>
      <td>1</td>
      <td>0.0</td>
    </tr>
    <tr>
      <td>student_answer_sheet</td>
      <td>/Volumes/MacSSD/Areas/Github_Repositories/evaluator/data/submissions/python/student_answer_sheet.ipynb</td>
      <td>question_five</td>
      <td>assert question_five({'a':1,'b':2,'c':1}) == {1:['a','c'],2:['b']}</td>
      <td>failed</td>
      <td>0</td>
      <td>Traceback (most recent call last):\n  File "/Volumes/MacSSD/Areas/Github_Repositories/evaluator/src/evaluator/comparison/comparison_service.py", line 20, in run_assertions\n    exec(code, student_namespace)\n    ~~~~^^^^^^^^^^^^^^^^^^^^^^^^^\n  File "&lt;string&gt;", line 1, in &lt;module&gt;\nAssertionError\n</td>
      <td>1</td>
      <td>0.0</td>
    </tr>
    <tr>
      <td>student_answer_sheet</td>
      <td>/Volumes/MacSSD/Areas/Github_Repositories/evaluator/data/submissions/python/student_answer_sheet.ipynb</td>
      <td>question_six</td>
      <td>assert question_six({'x':1,'y':2},{'y':3,'z':4}) == {'x':1,'y':5,'z':4}</td>
      <td>failed</td>
      <td>0</td>
      <td>Traceback (most recent call last):\n  File "/Volumes/MacSSD/Areas/Github_Repositories/evaluator/src/evaluator/comparison/comparison_service.py", line 20, in run_assertions\n    exec(code, student_namespace)\n    ~~~~^^^^^^^^^^^^^^^^^^^^^^^^^\n  File "&lt;string&gt;", line 1, in &lt;module&gt;\nAssertionError\n</td>
      <td>1</td>
      <td>0.0</td>
    </tr>
    <tr>
      <td>student_answer_sheet</td>
      <td>/Volumes/MacSSD/Areas/Github_Repositories/evaluator/data/submissions/python/student_answer_sheet.ipynb</td>
      <td>question_eight</td>
      <td>assert question_eight("hello world") == ["hello","world"]</td>
      <td>failed</td>
      <td>0</td>
      <td>Traceback (most recent call last):\n  File "/Volumes/MacSSD/Areas/Github_Repositories/evaluator/src/evaluator/comparison/comparison_service.py", line 20, in run_assertions\n    exec(code, student_namespace)\n    ~~~~^^^^^^^^^^^^^^^^^^^^^^^^^\n  File "&lt;string&gt;", line 1, in &lt;module&gt;\nAssertionError\n</td>
      <td>1</td>
      <td>0.0</td>
    </tr>
    <tr>
      <td>student_answer_sheet</td>
      <td>/Volumes/MacSSD/Areas/Github_Repositories/evaluator/data/submissions/python/student_answer_sheet.ipynb</td>
      <td>question_eight</td>
      <td>assert question_eight("") == []</td>
      <td>failed</td>
      <td>0</td>
      <td>Traceback (most recent call last):\n  File "/Volumes/MacSSD/Areas/Github_Repositories/evaluator/src/evaluator/comparison/comparison_service.py", line 20, in run_assertions\n    exec(code, student_namespace)\n    ~~~~^^^^^^^^^^^^^^^^^^^^^^^^^\n  File "&lt;string&gt;", line 1, in &lt;module&gt;\nAssertionError\n</td>
      <td>1</td>
      <td>0.0</td>
    </tr>
    <tr>
      <td>student_answer_sheet</td>
      <td>/Volumes/MacSSD/Areas/Github_Repositories/evaluator/data/submissions/python/student_answer_sheet.ipynb</td>
      <td>question_ten</td>
      <td>assert question_ten("I love python") == 6</td>
      <td>failed</td>
      <td>0</td>
      <td>Traceback (most recent call last):\n  File "/Volumes/MacSSD/Areas/Github_Repositories/evaluator/src/evaluator/comparison/comparison_service.py", line 20, in run_assertions\n    exec(code, student_namespace)\n    ~~~~^^^^^^^^^^^^^^^^^^^^^^^^^\n  File "&lt;string&gt;", line 1, in &lt;module&gt;\nAssertionError\n</td>
      <td>1</td>
      <td>0.0</td>
    </tr>
    <tr>
      <td>student_answer_sheet</td>
      <td>/Volumes/MacSSD/Areas/Github_Repositories/evaluator/data/submissions/python/student_answer_sheet.ipynb</td>
      <td>question_ten</td>
      <td>assert question_ten("") == 0</td>
      <td>failed</td>
      <td>0</td>
      <td>Traceback (most recent call last):\n  File "/Volumes/MacSSD/Areas/Github_Repositories/evaluator/src/evaluator/comparison/comparison_service.py", line 20, in run_assertions\n    exec(code, student_namespace)\n    ~~~~^^^^^^^^^^^^^^^^^^^^^^^^^\n  File "&lt;string&gt;", line 1, in &lt;module&gt;\nAssertionError\n</td>
      <td>1</td>
      <td>0.0</td>
    </tr>
    <tr>
      <td>student_answer_sheet</td>
      <td>/Volumes/MacSSD/Areas/Github_Repositories/evaluator/data/submissions/python/student_answer_sheet.ipynb</td>
      <td>question_eleven</td>
      <td>assert question_eleven([1,2,3],[2,3,4]) == {2,3}</td>
      <td>failed</td>
      <td>0</td>
      <td>Traceback (most recent call last):\n  File "/Volumes/MacSSD/Areas/Github_Repositories/evaluator/src/evaluator/comparison/comparison_service.py", line 20, in run_assertions\n    exec(code, student_namespace)\n    ~~~~^^^^^^^^^^^^^^^^^^^^^^^^^\n  File "&lt;string&gt;", line 1, in &lt;module&gt;\nAssertionError\n</td>
      <td>1</td>
      <td>0.0</td>
    </tr>
    <tr>
      <td>student_answer_sheet</td>
      <td>/Volumes/MacSSD/Areas/Github_Repositories/evaluator/data/submissions/python/student_answer_sheet.ipynb</td>
      <td>question_twelve</td>
      <td>assert question_twelve([1,2,2,3,1]) == [1,2,3]</td>
      <td>failed</td>
      <td>0</td>
      <td>Traceback (most recent call last):\n  File "/Volumes/MacSSD/Areas/Github_Repositories/evaluator/src/evaluator/comparison/comparison_service.py", line 20, in run_assertions\n    exec(code, student_namespace)\n    ~~~~^^^^^^^^^^^^^^^^^^^^^^^^^\n  File "&lt;string&gt;", line 1, in &lt;module&gt;\nAssertionError\n</td>
      <td>1</td>
      <td>0.0</td>
    </tr>
    <tr>
      <td>student_answer_sheet</td>
      <td>/Volumes/MacSSD/Areas/Github_Repositories/evaluator/data/submissions/python/student_answer_sheet.ipynb</td>
      <td>question_thirteen</td>
      <td>assert question_thirteen([1,2,3]) == [1,4,9]</td>
      <td>failed</td>
      <td>0</td>
      <td>Traceback (most recent call last):\n  File "/Volumes/MacSSD/Areas/Github_Repositories/evaluator/src/evaluator/comparison/comparison_service.py", line 20, in run_assertions\n    exec(code, student_namespace)\n    ~~~~^^^^^^^^^^^^^^^^^^^^^^^^^\n  File "&lt;string&gt;", line 1, in &lt;module&gt;\nAssertionError\n</td>
      <td>1</td>
      <td>0.0</td>
    </tr>
    <tr>
      <td>student_answer_sheet</td>
      <td>/Volumes/MacSSD/Areas/Github_Repositories/evaluator/data/submissions/python/student_answer_sheet.ipynb</td>
      <td>question_fourteen</td>
      <td>assert question_fourteen([1,2,3,4]) == [2,4]</td>
      <td>failed</td>
      <td>0</td>
      <td>Traceback (most recent call last):\n  File "/Volumes/MacSSD/Areas/Github_Repositories/evaluator/src/evaluator/comparison/comparison_service.py", line 20, in run_assertions\n    exec(code, student_namespace)\n    ~~~~^^^^^^^^^^^^^^^^^^^^^^^^^\n  File "&lt;string&gt;", line 1, in &lt;module&gt;\nAssertionError\n</td>
      <td>1</td>
      <td>0.0</td>
    </tr>
  </tbody>
</table>